Using pre-set license
Built from '2021.3/staging' branch; Version is '2021.3.6f1 (7da38d85baf6) revision 8233869'; Using compiler version '192829333'; Build Type 'Release'
OS: 'Windows 10  (10.0.19044) 64bit Professional' Language: 'es' Physical Memory: 8129 MB
BatchMode: 1, IsHumanControllingUs: 0, StartBugReporterOnCrash: 0, Is64bit: 1, IsPro: 1

COMMAND LINE ARGUMENTS:
C:\Program Files\Unity\Hub\Editor\2021.3.6f1\Editor\Unity.exe
-adb2
-batchMode
-noUpm
-name
AssetImportWorker1
-projectPath
E:/3d/Examen-/3D1_M06UF2_Examen-main/3D1_M06UF2_Examen-main
-logFile
Logs/AssetImportWorker1.log
-srvPort
50351
Successfully changed project path to: E:/3d/Examen-/3D1_M06UF2_Examen-main/3D1_M06UF2_Examen-main
E:/3d/Examen-/3D1_M06UF2_Examen-main/3D1_M06UF2_Examen-main
[UnityMemory] Configuration Parameters - Can be set up in boot.config
    "memorysetup-bucket-allocator-granularity=16"
    "memorysetup-bucket-allocator-bucket-count=8"
    "memorysetup-bucket-allocator-block-size=33554432"
    "memorysetup-bucket-allocator-block-count=8"
    "memorysetup-main-allocator-block-size=16777216"
    "memorysetup-thread-allocator-block-size=16777216"
    "memorysetup-gfx-main-allocator-block-size=16777216"
    "memorysetup-gfx-thread-allocator-block-size=16777216"
    "memorysetup-cache-allocator-block-size=4194304"
    "memorysetup-typetree-allocator-block-size=2097152"
    "memorysetup-profiler-bucket-allocator-granularity=16"
    "memorysetup-profiler-bucket-allocator-bucket-count=8"
    "memorysetup-profiler-bucket-allocator-block-size=33554432"
    "memorysetup-profiler-bucket-allocator-block-count=8"
    "memorysetup-profiler-allocator-block-size=16777216"
    "memorysetup-profiler-editor-allocator-block-size=1048576"
    "memorysetup-temp-allocator-size-main=16777216"
    "memorysetup-job-temp-allocator-block-size=2097152"
    "memorysetup-job-temp-allocator-block-size-background=1048576"
    "memorysetup-job-temp-allocator-reduction-small-platforms=262144"
    "memorysetup-temp-allocator-size-background-worker=32768"
    "memorysetup-temp-allocator-size-job-worker=262144"
    "memorysetup-temp-allocator-size-preload-manager=33554432"
    "memorysetup-temp-allocator-size-nav-mesh-worker=65536"
    "memorysetup-temp-allocator-size-audio-worker=65536"
    "memorysetup-temp-allocator-size-cloud-worker=32768"
    "memorysetup-temp-allocator-size-gi-baking-worker=262144"
    "memorysetup-temp-allocator-size-gfx=262144"
Refreshing native plugins compatible for Editor in 36.59 ms, found 2 plugins.
Preloading 0 native plugins for Editor in 0.00 ms.
Initialize engine version: 2021.3.6f1 (7da38d85baf6)
[Subsystems] Discovering subsystems at path C:/Program Files/Unity/Hub/Editor/2021.3.6f1/Editor/Data/Resources/UnitySubsystems
[Subsystems] Discovering subsystems at path E:/3d/Examen-/3D1_M06UF2_Examen-main/3D1_M06UF2_Examen-main/Assets
GfxDevice: creating device client; threaded=0; jobified=0
Direct3D:
    Version:  Direct3D 11.0 [level 11.1]
    Renderer: NVIDIA GeForce GTX 1050 (ID=0x1c81)
    Vendor:   NVIDIA
    VRAM:     1977 MB
    Driver:   31.0.15.1694
Initialize mono
Mono path[0] = 'C:/Program Files/Unity/Hub/Editor/2021.3.6f1/Editor/Data/Managed'
Mono path[1] = 'C:/Program Files/Unity/Hub/Editor/2021.3.6f1/Editor/Data/MonoBleedingEdge/lib/mono/unityjit-win32'
Mono config path = 'C:/Program Files/Unity/Hub/Editor/2021.3.6f1/Editor/Data/MonoBleedingEdge/etc'
Using monoOptions --debugger-agent=transport=dt_socket,embedding=1,server=y,suspend=n,address=127.0.0.1:56316
Begin MonoManager ReloadAssembly
Registering precompiled unity dll's ...
Register platform support module: C:/Program Files/Unity/Hub/Editor/2021.3.6f1/Editor/Data/PlaybackEngines/WindowsStandaloneSupport/UnityEditor.WindowsStandalone.Extensions.dll
Registered in 0.008840 seconds.
Native extension for WindowsStandalone target not found
Refreshing native plugins compatible for Editor in 33.22 ms, found 2 plugins.
Preloading 0 native plugins for Editor in 0.00 ms.
Mono: successfully reloaded assembly
- Completed reload, in  0.721 seconds
Domain Reload Profiling:
	ReloadAssembly (721ms)
		BeginReloadAssembly (91ms)
			ExecutionOrderSort (0ms)
			DisableScriptedObjects (0ms)
			BackupInstance (0ms)
			ReleaseScriptingObjects (0ms)
			CreateAndSetChildDomain (1ms)
		EndReloadAssembly (497ms)
			LoadAssemblies (89ms)
			RebuildTransferFunctionScriptingTraits (0ms)
			SetupTypeCache (133ms)
			ReleaseScriptCaches (0ms)
			RebuildScriptCaches (34ms)
			SetupLoadedEditorAssemblies (264ms)
				LogAssemblyErrors (0ms)
				InitializePlatformSupportModulesInManaged (10ms)
				SetLoadedEditorAssemblies (0ms)
				RefreshPlugins (33ms)
				BeforeProcessingInitializeOnLoad (1ms)
				ProcessInitializeOnLoadAttributes (165ms)
				ProcessInitializeOnLoadMethodAttributes (54ms)
				AfterProcessingInitializeOnLoad (0ms)
				EditorAssembliesLoaded (0ms)
			ExecutionOrderSort2 (0ms)
			AwakeInstancesAfterBackupRestoration (0ms)
Platform modules already initialized, skipping
Registering precompiled user dll's ...
Registered in 0.004179 seconds.
Begin MonoManager ReloadAssembly
Native extension for WindowsStandalone target not found
Refreshing native plugins compatible for Editor in 0.37 ms, found 2 plugins.
Preloading 0 native plugins for Editor in 0.00 ms.
Mono: successfully reloaded assembly
- Completed reload, in  1.053 seconds
Domain Reload Profiling:
	ReloadAssembly (1054ms)
		BeginReloadAssembly (133ms)
			ExecutionOrderSort (0ms)
			DisableScriptedObjects (7ms)
			BackupInstance (0ms)
			ReleaseScriptingObjects (0ms)
			CreateAndSetChildDomain (24ms)
		EndReloadAssembly (781ms)
			LoadAssemblies (85ms)
			RebuildTransferFunctionScriptingTraits (0ms)
			SetupTypeCache (219ms)
			ReleaseScriptCaches (0ms)
			RebuildScriptCaches (50ms)
			SetupLoadedEditorAssemblies (385ms)
				LogAssemblyErrors (0ms)
				InitializePlatformSupportModulesInManaged (7ms)
				SetLoadedEditorAssemblies (1ms)
				RefreshPlugins (0ms)
				BeforeProcessingInitializeOnLoad (66ms)
				ProcessInitializeOnLoadAttributes (264ms)
				ProcessInitializeOnLoadMethodAttributes (36ms)
				AfterProcessingInitializeOnLoad (10ms)
				EditorAssembliesLoaded (0ms)
			ExecutionOrderSort2 (0ms)
			AwakeInstancesAfterBackupRestoration (7ms)
Platform modules already initialized, skipping
========================================================================
Worker process is ready to serve import requests
Launched and connected shader compiler UnityShaderCompiler.exe after 0.06 seconds
Refreshing native plugins compatible for Editor in 0.42 ms, found 2 plugins.
Preloading 0 native plugins for Editor in 0.00 ms.
Unloading 1710 Unused Serialized files (Serialized files now loaded: 0)
Unloading 19 unused Assets / (55.6 KB). Loaded Objects now: 2175.
Memory consumption went from 73.0 MB to 72.9 MB.
Total: 3.248200 ms (FindLiveObjects: 0.268400 ms CreateObjectMapping: 0.113300 ms MarkObjects: 2.777800 ms  DeleteObjects: 0.087200 ms)

AssetImportParameters requested are different than current active one (requested -> active):
  custom:video-decoder-ogg-theora: a1e56fd34408186e4bbccfd4996cb3dc -> 
  custom:container-muxer-webm: aa71ff27fc2769a1b78a27578f13a17b -> 
  custom:container-demuxer-webm: 4f35f7cbe854078d1ac9338744f61a02 -> 
  custom:video-encoder-webm-vp8: eb34c28f22e8b96e1ab97ce403110664 -> 
  custom:audio-encoder-webm-vorbis: bf7c407c2cedff20999df2af8eb42d56 -> 
  custom:framework-win-MediaFoundation: 216162199b28c13a410421893ffa2e32 -> 
  custom:container-demuxer-ogg: 62fdf1f143b41e24485cea50d1cbac27 -> 
  custom:video-decoder-webm-vp8: 9c59270c3fd7afecdb556c50c9e8de78 -> 
  custom:audio-decoder-ogg-vorbis: bf7c407c2cedff20999df2af8eb42d56 -> 
========================================================================
Received Import Request.
  Time since last request: 1057.498180 seconds.
  path: Assets/Sounds/Beep.wav
  artifactKey: Guid(1a4c301adb5ffbd4dba2f24239102d46) Importer(815301076,1909f56bfc062723c751e8b465ee728b)
Start importing Assets/Sounds/Beep.wav using Guid(1a4c301adb5ffbd4dba2f24239102d46) Importer(815301076,1909f56bfc062723c751e8b465ee728b)  -> (artifact id: '91c7c389979d192a7dbf75e53fa48c59') in 0.494185 seconds 
========================================================================
Received Import Request.
  Time since last request: 0.000018 seconds.
  path: Assets/Sounds/Bowser Die.wav
  artifactKey: Guid(2458d63cd311dde4683cc93b82a1b36e) Importer(815301076,1909f56bfc062723c751e8b465ee728b)
Start importing Assets/Sounds/Bowser Die.wav using Guid(2458d63cd311dde4683cc93b82a1b36e) Importer(815301076,1909f56bfc062723c751e8b465ee728b)  -> (artifact id: '3b8dc88cfba5e294cfe9c007731f2dc8') in 0.043251 seconds 
========================================================================
Received Import Request.
  Time since last request: 0.000028 seconds.
  path: Assets/Sounds/Item.wav
  artifactKey: Guid(eac1240930c96f04f8bd2883caef6cf5) Importer(815301076,1909f56bfc062723c751e8b465ee728b)
Start importing Assets/Sounds/Item.wav using Guid(eac1240930c96f04f8bd2883caef6cf5) Importer(815301076,1909f56bfc062723c751e8b465ee728b)  -> (artifact id: '03f71b1e0ff3c4d5d47d5bfc31b6a9cd') in 0.020834 seconds 
========================================================================
Received Import Request.
  Time since last request: 0.000019 seconds.
  path: Assets/Sounds/Big Jump.wav
  artifactKey: Guid(f00b781676340c8438047d397d109eed) Importer(815301076,1909f56bfc062723c751e8b465ee728b)
Start importing Assets/Sounds/Big Jump.wav using Guid(f00b781676340c8438047d397d109eed) Importer(815301076,1909f56bfc062723c751e8b465ee728b)  -> (artifact id: 'a4e5c0ca5aa3735121c270ce49bbabb5') in 0.022838 seconds 
========================================================================
Received Import Request.
  Time since last request: 0.000027 seconds.
  path: Assets/Sounds/Super Mario Bros (NES) Music - Overworld Theme.mp3
  artifactKey: Guid(8bff5de5b9e33894d8e15dd893479b66) Importer(815301076,1909f56bfc062723c751e8b465ee728b)
Start importing Assets/Sounds/Super Mario Bros (NES) Music - Overworld Theme.mp3 using Guid(8bff5de5b9e33894d8e15dd893479b66) Importer(815301076,1909f56bfc062723c751e8b465ee728b)  -> (artifact id: '7208fdaac8575a3f55430c764029dcd8') in 0.030388 seconds 
========================================================================
Received Import Request.
  Time since last request: 0.000040 seconds.
  path: Assets/Sounds/Flagpole.wav
  artifactKey: Guid(1d69f9c0525a46e47a1c20443df44901) Importer(815301076,1909f56bfc062723c751e8b465ee728b)
Start importing Assets/Sounds/Flagpole.wav using Guid(1d69f9c0525a46e47a1c20443df44901) Importer(815301076,1909f56bfc062723c751e8b465ee728b)  -> (artifact id: 'a7041b7f63f97c81fa137772c796fd34') in 0.029971 seconds 
========================================================================
Received Import Request.
  Time since last request: 0.002957 seconds.
  path: Assets/Sounds/Thwomp.wav
  artifactKey: Guid(3ab056c3e485c1c4c9f39934cf282e1d) Importer(815301076,1909f56bfc062723c751e8b465ee728b)
Start importing Assets/Sounds/Thwomp.wav using Guid(3ab056c3e485c1c4c9f39934cf282e1d) Importer(815301076,1909f56bfc062723c751e8b465ee728b)  -> (artifact id: '827878d881fd523f023d98eae57855cd') in 0.025568 seconds 
========================================================================
Received Import Request.
  Time since last request: 0.000092 seconds.
  path: Assets/Sounds/Game Over.wav
  artifactKey: Guid(db9bafa808d4b134583923e6263b7933) Importer(815301076,1909f56bfc062723c751e8b465ee728b)
Start importing Assets/Sounds/Game Over.wav using Guid(db9bafa808d4b134583923e6263b7933) Importer(815301076,1909f56bfc062723c751e8b465ee728b)  -> (artifact id: '2b6128b1d0b8efcd92c444ef2fa55382') in 0.027803 seconds 
========================================================================
Received Import Request.
  Time since last request: 0.002100 seconds.
  path: Assets/Sounds/Die.wav
  artifactKey: Guid(ff2862697648da34bb444794988001b5) Importer(815301076,1909f56bfc062723c751e8b465ee728b)
Start importing Assets/Sounds/Die.wav using Guid(ff2862697648da34bb444794988001b5) Importer(815301076,1909f56bfc062723c751e8b465ee728b)  -> (artifact id: '6c44e9f6c32ab8e5f63b0d5a57835c20') in 0.024449 seconds 
========================================================================
Received Import Request.
  Time since last request: 0.002269 seconds.
  path: Assets/Sounds/Skid.wav
  artifactKey: Guid(b6f13ac8c0022004bb74e369d8f2f828) Importer(815301076,1909f56bfc062723c751e8b465ee728b)
Start importing Assets/Sounds/Skid.wav using Guid(b6f13ac8c0022004bb74e369d8f2f828) Importer(815301076,1909f56bfc062723c751e8b465ee728b)  -> (artifact id: 'fc4c9f29f333a50cd4046e3f626489d7') in 0.022548 seconds 
========================================================================
Received Import Request.
  Time since last request: 0.000024 seconds.
  path: Assets/Sounds/Break.wav
  artifactKey: Guid(7e9e182b878f0714db92c226e007cf97) Importer(815301076,1909f56bfc062723c751e8b465ee728b)
Start importing Assets/Sounds/Break.wav using Guid(7e9e182b878f0714db92c226e007cf97) Importer(815301076,1909f56bfc062723c751e8b465ee728b)  -> (artifact id: 'dfe5286fbd59a74eb3faab1047bf6bf1') in 0.023453 seconds 
========================================================================
Received Import Request.
  Time since last request: 0.000373 seconds.
  path: Assets/Sounds/Fire Ball.wav
  artifactKey: Guid(4747198fa21d7f041ad5baca0b08aac8) Importer(815301076,1909f56bfc062723c751e8b465ee728b)
Start importing Assets/Sounds/Fire Ball.wav using Guid(4747198fa21d7f041ad5baca0b08aac8) Importer(815301076,1909f56bfc062723c751e8b465ee728b)  -> (artifact id: 'cb181232255b38393a494bd8e50a3d6b') in 0.025058 seconds 
========================================================================
Received Import Request.
  Time since last request: 0.112850 seconds.
  path: Assets/Sprites/Cajas.png
  artifactKey: Guid(0430ad89d8337d44aafb800e96d0ec32) Importer(815301076,1909f56bfc062723c751e8b465ee728b)
Start importing Assets/Sprites/Cajas.png using Guid(0430ad89d8337d44aafb800e96d0ec32) Importer(815301076,1909f56bfc062723c751e8b465ee728b)  -> (artifact id: '6c66fc982bf0fe4a99d3ff4544dd7c2f') in 0.048505 seconds 
========================================================================
Received Import Request.
  Time since last request: 0.001038 seconds.
  path: Assets/Sprites/Nuves.png
  artifactKey: Guid(29d844c1b165b414b981592a7abfc27b) Importer(815301076,1909f56bfc062723c751e8b465ee728b)
Start importing Assets/Sprites/Nuves.png using Guid(29d844c1b165b414b981592a7abfc27b) Importer(815301076,1909f56bfc062723c751e8b465ee728b)  -> (artifact id: 'daae0cfb3057389fa35a4285ae615549') in 0.038626 seconds 
========================================================================
Received Import Request.
  Time since last request: 0.000252 seconds.
  path: Assets/Sprites/Coins2.png
  artifactKey: Guid(5a3a33a6792f0e648bd1b4bbc3fd842c) Importer(815301076,1909f56bfc062723c751e8b465ee728b)
Start importing Assets/Sprites/Coins2.png using Guid(5a3a33a6792f0e648bd1b4bbc3fd842c) Importer(815301076,1909f56bfc062723c751e8b465ee728b)  -> (artifact id: 'fe92319c4c314729e564d2018e305d81') in 0.016021 seconds 
========================================================================
Received Import Request.
  Time since last request: 0.000029 seconds.
  path: Assets/Sprites/Montanas.png
  artifactKey: Guid(9b00c4fcb3c5e2d499f351bbc061ff35) Importer(815301076,1909f56bfc062723c751e8b465ee728b)
Start importing Assets/Sprites/Montanas.png using Guid(9b00c4fcb3c5e2d499f351bbc061ff35) Importer(815301076,1909f56bfc062723c751e8b465ee728b)  -> (artifact id: '9fe0eba3094ff378a6bae303ffdcaf9c') in 0.017186 seconds 
========================================================================
Received Import Request.
  Time since last request: 0.000029 seconds.
  path: Assets/Sprites/Coins1.png
  artifactKey: Guid(2b7965f5949b8f74e8e450dbd3830b20) Importer(815301076,1909f56bfc062723c751e8b465ee728b)
Start importing Assets/Sprites/Coins1.png using Guid(2b7965f5949b8f74e8e450dbd3830b20) Importer(815301076,1909f56bfc062723c751e8b465ee728b)  -> (artifact id: 'a32e2977ed9338345f3d74257fb8fd2c') in 0.019063 seconds 
========================================================================
Received Import Request.
  Time since last request: 0.000024 seconds.
  path: Assets/Sprites/Tuberias.png
  artifactKey: Guid(05e16532f898b474481d831793cb5912) Importer(815301076,1909f56bfc062723c751e8b465ee728b)
Start importing Assets/Sprites/Tuberias.png using Guid(05e16532f898b474481d831793cb5912) Importer(815301076,1909f56bfc062723c751e8b465ee728b)  -> (artifact id: 'f6a9daae5a43826c3de32a6ecce9aed9') in 0.016101 seconds 
========================================================================
Received Import Request.
  Time since last request: 0.000026 seconds.
  path: Assets/Sprites/Mario.png
  artifactKey: Guid(9050f1b421cd4b948a01e0fcdfc33a75) Importer(815301076,1909f56bfc062723c751e8b465ee728b)
Start importing Assets/Sprites/Mario.png using Guid(9050f1b421cd4b948a01e0fcdfc33a75) Importer(815301076,1909f56bfc062723c751e8b465ee728b)  -> (artifact id: 'a791b3f3a622618803e8021fcc4863b0') in 0.018337 seconds 
========================================================================
Received Import Request.
  Time since last request: 0.000033 seconds.
  path: Assets/Sprites/Castillo.png
  artifactKey: Guid(b7b30b107e0c0f143921ebe278894856) Importer(815301076,1909f56bfc062723c751e8b465ee728b)
Start importing Assets/Sprites/Castillo.png using Guid(b7b30b107e0c0f143921ebe278894856) Importer(815301076,1909f56bfc062723c751e8b465ee728b)  -> (artifact id: '5e02b43fca55270330a0c9ae592bc7a3') in 0.024794 seconds 
========================================================================
Received Import Request.
  Time since last request: 0.000032 seconds.
  path: Assets/Sprites/Ladrillos.png
  artifactKey: Guid(272821defcc64ae4fb09b8b101974f6b) Importer(815301076,1909f56bfc062723c751e8b465ee728b)
Start importing Assets/Sprites/Ladrillos.png using Guid(272821defcc64ae4fb09b8b101974f6b) Importer(815301076,1909f56bfc062723c751e8b465ee728b)  -> (artifact id: '6c27d411d6802094502dccb415bf503b') in 0.025385 seconds 
========================================================================
Received Import Request.
  Time since last request: 0.000021 seconds.
  path: Assets/Sprites/World_1-1_SMB.png
  artifactKey: Guid(3d8889efeafd9e54597b6baafa9afa6a) Importer(815301076,1909f56bfc062723c751e8b465ee728b)
Start importing Assets/Sprites/World_1-1_SMB.png using Guid(3d8889efeafd9e54597b6baafa9afa6a) Importer(815301076,1909f56bfc062723c751e8b465ee728b)  -> (artifact id: 'e6723537b0a2aec5497ffc2de96e585a') in 0.019016 seconds 
========================================================================
Received Prepare
Registering precompiled user dll's ...
Registered in 0.005247 seconds.
Begin MonoManager ReloadAssembly
Native extension for WindowsStandalone target not found
Refreshing native plugins compatible for Editor in 0.62 ms, found 2 plugins.
Preloading 0 native plugins for Editor in 0.00 ms.
Mono: successfully reloaded assembly
- Completed reload, in  1.492 seconds
Domain Reload Profiling:
	ReloadAssembly (1492ms)
		BeginReloadAssembly (222ms)
			ExecutionOrderSort (0ms)
			DisableScriptedObjects (6ms)
			BackupInstance (0ms)
			ReleaseScriptingObjects (0ms)
			CreateAndSetChildDomain (44ms)
		EndReloadAssembly (1108ms)
			LoadAssemblies (137ms)
			RebuildTransferFunctionScriptingTraits (0ms)
			SetupTypeCache (507ms)
			ReleaseScriptCaches (1ms)
			RebuildScriptCaches (55ms)
			SetupLoadedEditorAssemblies (386ms)
				LogAssemblyErrors (0ms)
				InitializePlatformSupportModulesInManaged (18ms)
				SetLoadedEditorAssemblies (1ms)
				RefreshPlugins (1ms)
				BeforeProcessingInitializeOnLoad (61ms)
				ProcessInitializeOnLoadAttributes (258ms)
				ProcessInitializeOnLoadMethodAttributes (36ms)
				AfterProcessingInitializeOnLoad (11ms)
				EditorAssembliesLoaded (0ms)
			ExecutionOrderSort2 (0ms)
			AwakeInstancesAfterBackupRestoration (8ms)
Platform modules already initialized, skipping
Refreshing native plugins compatible for Editor in 1.19 ms, found 2 plugins.
Preloading 0 native plugins for Editor in 0.00 ms.
Unloading 1705 Unused Serialized files (Serialized files now loaded: 0)
Unloading 12 unused Assets / (24.7 KB). Loaded Objects now: 2197.
Memory consumption went from 76.8 MB to 76.8 MB.
Total: 2.994100 ms (FindLiveObjects: 0.188500 ms CreateObjectMapping: 0.077000 ms MarkObjects: 2.701900 ms  DeleteObjects: 0.025600 ms)

AssetImportParameters requested are different than current active one (requested -> active):
  custom:video-decoder-ogg-theora: a1e56fd34408186e4bbccfd4996cb3dc -> 
  custom:container-muxer-webm: aa71ff27fc2769a1b78a27578f13a17b -> 
  custom:container-demuxer-webm: 4f35f7cbe854078d1ac9338744f61a02 -> 
  custom:video-encoder-webm-vp8: eb34c28f22e8b96e1ab97ce403110664 -> 
  custom:audio-encoder-webm-vorbis: bf7c407c2cedff20999df2af8eb42d56 -> 
  custom:framework-win-MediaFoundation: 216162199b28c13a410421893ffa2e32 -> 
  custom:container-demuxer-ogg: 62fdf1f143b41e24485cea50d1cbac27 -> 
  custom:video-decoder-webm-vp8: 9c59270c3fd7afecdb556c50c9e8de78 -> 
  custom:audio-decoder-ogg-vorbis: bf7c407c2cedff20999df2af8eb42d56 -> 
========================================================================
Received Prepare
Registering precompiled user dll's ...
Registered in 0.004301 seconds.
Begin MonoManager ReloadAssembly
Native extension for WindowsStandalone target not found
Refreshing native plugins compatible for Editor in 0.44 ms, found 2 plugins.
Preloading 0 native plugins for Editor in 0.00 ms.
Mono: successfully reloaded assembly
- Completed reload, in  1.294 seconds
Domain Reload Profiling:
	ReloadAssembly (1295ms)
		BeginReloadAssembly (219ms)
			ExecutionOrderSort (0ms)
			DisableScriptedObjects (7ms)
			BackupInstance (0ms)
			ReleaseScriptingObjects (0ms)
			CreateAndSetChildDomain (71ms)
		EndReloadAssembly (909ms)
			LoadAssemblies (128ms)
			RebuildTransferFunctionScriptingTraits (0ms)
			SetupTypeCache (297ms)
			ReleaseScriptCaches (2ms)
			RebuildScriptCaches (51ms)
			SetupLoadedEditorAssemblies (407ms)
				LogAssemblyErrors (0ms)
				InitializePlatformSupportModulesInManaged (16ms)
				SetLoadedEditorAssemblies (1ms)
				RefreshPlugins (1ms)
				BeforeProcessingInitializeOnLoad (77ms)
				ProcessInitializeOnLoadAttributes (260ms)
				ProcessInitializeOnLoadMethodAttributes (41ms)
				AfterProcessingInitializeOnLoad (12ms)
				EditorAssembliesLoaded (0ms)
			ExecutionOrderSort2 (0ms)
			AwakeInstancesAfterBackupRestoration (8ms)
Platform modules already initialized, skipping
Refreshing native plugins compatible for Editor in 1.35 ms, found 2 plugins.
Preloading 0 native plugins for Editor in 0.00 ms.
Unloading 1706 Unused Serialized files (Serialized files now loaded: 0)
Unloading 12 unused Assets / (24.6 KB). Loaded Objects now: 2201.
Memory consumption went from 76.8 MB to 76.8 MB.
Total: 2.995900 ms (FindLiveObjects: 0.196100 ms CreateObjectMapping: 0.088000 ms MarkObjects: 2.688400 ms  DeleteObjects: 0.022300 ms)

AssetImportParameters requested are different than current active one (requested -> active):
  custom:video-decoder-ogg-theora: a1e56fd34408186e4bbccfd4996cb3dc -> 
  custom:container-muxer-webm: aa71ff27fc2769a1b78a27578f13a17b -> 
  custom:container-demuxer-webm: 4f35f7cbe854078d1ac9338744f61a02 -> 
  custom:video-encoder-webm-vp8: eb34c28f22e8b96e1ab97ce403110664 -> 
  custom:audio-encoder-webm-vorbis: bf7c407c2cedff20999df2af8eb42d56 -> 
  custom:framework-win-MediaFoundation: 216162199b28c13a410421893ffa2e32 -> 
  custom:container-demuxer-ogg: 62fdf1f143b41e24485cea50d1cbac27 -> 
  custom:video-decoder-webm-vp8: 9c59270c3fd7afecdb556c50c9e8de78 -> 
  custom:audio-decoder-ogg-vorbis: bf7c407c2cedff20999df2af8eb42d56 -> 
Editor requested this worker to shutdown with reason: Scaling down because of idle timeout
AssetImportWorker is now disconnected from the server
Process exiting
Exiting without the bug reporter. Application will terminate with return code 0